1734165874
1734168284
1734172066
1734175202
1734234069
1734237014
1734237097
1734240393
1734244452
1734247411
1734251439
1734251498
1734254740
1734258504
1734261599
1734276400
1734320489
1734323511
1734323602
1734326925
1734331053
1734334008
1734337679
1734338086
1734338151
1734340960
1734341352
1734344562
1734345105
1734347823
1734348149
1734352879
1734355767
1734358753
1734362492
1734363008
1734366376
1734369400
1734373697
1734376582
1734380538
1734406689
1734409883
1734409968
1734413265
1734417385
1734420339
1734424011
1734424435
1734424491
1734427321
1734427704
1734430886
1734431462
1734434195
1734434538
1734439225
1734442178
1734445134
1734448872
1734449405
1734452786
1734455867
1734460107
1734462993
1734466848
1734492949
1734496190
1734499599
1734503692
1734506661
1734510376
1734510774
1734513651
1734514009
1734517256
1734517794
1734520546
1734520878
1734525532
1734528429
1734531488
1734535240
1734539085
1734542248
1734546458
1734549329
1734553275
1734579347
1734582611
1734586028
1734590126
1734593080
1734596752
1734597140
1734600055
1734600428
1734603657
1734604188
1734606953
1734607282
1734611934
1734614826
1734617876
1734621614
1734625337
1734628482
1734632769
1734635666
1734639613
1734665392
1734668943
1734672349
1734676423
1734679361
1734683049
1734683440
1734686349
1734686704
1734689950
1734690474
1734693300
1734693606
1734698179
1734700991
1734704199
1734707921
1734711755
1734714931
1734719113
1734722063
1734725979
1734841781
1734856156
1734881043
1734928294
1734942290
1734942736
1734945594
1734949188
1734952513
1734957414
1734960246
1734963429
1734967146
1734967606
1734970957
1734974154
1734978302
1734981239
1734985163
1735014617
1735029043
1735032095
1735035697
1735036231
1735039022
1735044042
1735046674
1735049906
1735053652
1735057515
1735057859
1735060635
1735064875
1735068618
1735072301
1735075828
1735079645
1735083025
1735091409
1735095140
1735097349
1735100964
1735104406
1735108434
1735111386
1735111442
1735115447
1735118475
1735122067
1735122615
1735125397
1735130389
1735133058
1735136293
1735140056
1735143899
1735144248
1735147128
1735151255
1735155018
1735158710
1735162237
1735166047
1735169415
1735177837
1735181625
1735183800
1735187387
1735190825
1735194848
1735197788
1735197853
1735201845
1735204884
1735208500
1735209039
1735211809
1735216855
1735219528
1735222708
1735226472
1735230334
1735230679
1735233454
1735237690
1735241418
1735245119
1735248634
1735252460
1735255831
1735264283
1735268041
1735270199
1735273746
1735277191
1735281213
1735284277
1735284321
1735288208
1735291257
1735294866
1735295409
1735298226
1735303194
1735305869
1735309113
1735312843
1735316707
1735317045
1735319837
1735324077
1735327828
1735331502
1735335039
1735338863
1735342221
1735350536
1735354255
1735356479
1735360113
1735363530
1735367502
1735370495
1735370542
1735374510
1735377575
1735381192
1735381726
1735384528
1735389496
1735392116
1735395427
1735399155
1735403029
1735403388
1735406175
1735410395
1735414221
1735417845
1735421426
1735425209
1735428627
1735437590
1735441201
1735443242
1735446514
1735449926
1735453926
1735456915
1735456958
1735460924
1735463949
1735467585
1735468114
1735470935
1735475870
1735478478
1735481830
1735485545
1735489409
1735489757
1735492627
1735496769
1735500626
1735504238
1735507825
1735511602
1735515019
1735523660
1735527392
1735529505
1735532975
1735536435
1735540478
1735543549
1735543597
1735547467
1735550541
1735554154
1735554686
